<?xml version="1.0" encoding="UTF-8"?>
<testng-results ignored="0" total="1" passed="1" failed="0" skipped="0">
  <reporter-output>
  </reporter-output>
  <suite started-at="2024-06-16T18:37:44 IST" name="Default suite" finished-at="2024-06-16T18:38:05 IST" duration-ms="21183">
    <groups>
    </groups>
    <test started-at="2024-06-16T18:37:44 IST" name="Default test" finished-at="2024-06-16T18:38:05 IST" duration-ms="21183">
      <class name="tests.Login">
        <test-method signature="loginWithValidCredentails()[pri:0, instance:tests.Login@6069db50]" started-at="2024-06-16T18:37:44 IST" name="loginWithValidCredentails" finished-at="2024-06-16T18:38:05 IST" duration-ms="20895" status="PASS">
          <reporter-output>
          </reporter-output>
        </test-method> <!-- loginWithValidCredentails -->
      </class> <!-- tests.Login -->
    </test> <!-- Default test -->
  </suite> <!-- Default suite -->
</testng-results>
