<?xml version="1.0" encoding="UTF-8"?>
<!-- Generated by org.testng.reporters.JUnitXMLReporter -->
<testsuite ignored="0" hostname="ArunMotoori" failures="0" tests="3" name="TestOne" time="39.182" errors="0" timestamp="2024-05-23T08:46:27 IST">
  <testcase classname="tests.Login" name="loginWithValidCredentials" time="0.042"/>
  <testcase classname="tests.Login" name="loginWithInvalidCredentials" time="0.015"/>
  <testcase classname="tests.Login" name="loginWithValidEmailAndInvalidPassword" time="0.008"/>
</testsuite> <!-- TestOne -->
