<?xml version="1.0" encoding="UTF-8"?>
<!-- Generated by org.testng.reporters.JUnitXMLReporter -->
<testsuite ignored="0" hostname="ArunMotoori" failures="0" tests="11" name="Test" time="145.618" errors="0" timestamp="2024-06-08T19:51:40 IST">
  <testcase classname="tests.Login" name="loginWithValidCredentials" time="3.212"/>
  <testcase classname="tests.Login" name="loginWithInvalidCredentials" time="2.653"/>
  <testcase classname="tests.Login" name="loginWithValidEmailAndInvalidPassword" time="2.316"/>
  <testcase classname="tests.Login" name="loginWithInvalidEmailAndValidPassword" time="3.58"/>
  <testcase classname="tests.Login" name="loginWithoutEnteringAnyCredentials" time="1.172"/>
  <testcase classname="tests.Register" name="registerWithAllFields" time="5.518"/>
  <testcase classname="tests.Register" name="registerWithMandatoryFields" time="4.768"/>
  <testcase classname="tests.Register" name="registerWithoutEnteringAnyDetails" time="1.629"/>
  <testcase classname="tests.Search" name="searchForAValidProduct" time="2.013"/>
  <testcase classname="tests.Search" name="searchWithAnInvalidProduct" time="2.081"/>
  <testcase classname="tests.Search" name="searchWithoutAnyProduct" time="0.94"/>
</testsuite> <!-- Test -->
