<?xml version="1.0" encoding="UTF-8"?>
<!-- Generated by org.testng.reporters.JUnitXMLReporter -->
<testsuite ignored="4" hostname="ArunMotoori" failures="0" tests="1" name="Test" time="11.834" errors="0" timestamp="2024-05-22T09:24:15 IST">
  <testcase classname="testngpack.Login" name="loginWithValidCredentials" time="1.699"/>
  <testcase classname="testngpack.Login" name="loginWithValidEmailAndInvalidPassword" time="0.0">
    <ignored/>
  </testcase> <!-- loginWithValidEmailAndInvalidPassword -->
  <testcase classname="testngpack.Login" name="loginWithInvalidEmailAndValidPassword" time="0.0">
    <ignored/>
  </testcase> <!-- loginWithInvalidEmailAndValidPassword -->
  <testcase classname="testngpack.Login" name="loginWithoutEnteringAnyCredentials" time="0.0">
    <ignored/>
  </testcase> <!-- loginWithoutEnteringAnyCredentials -->
  <testcase classname="testngpack.Login" name="loginWithInvalidCredentials" time="0.0">
    <ignored/>
  </testcase> <!-- loginWithInvalidCredentials -->
</testsuite> <!-- Test -->
