<?xml version="1.0" encoding="UTF-8"?>
<testng-results ignored="0" total="1" passed="1" failed="0" skipped="0">
  <reporter-output>
  </reporter-output>
  <suite started-at="2024-05-22T09:24:03 IST" name="Suite" finished-at="2024-05-22T09:24:15 IST" duration-ms="11834">
    <groups>
      <group name="g1">
        <method signature="Login.loginWithValidCredentials()[pri:1, instance:testngpack.Login@13c9d689]" name="loginWithValidCredentials" class="testngpack.Login"/>
      </group> <!-- g1 -->
      <group name="g2">
        <method signature="Login.loginWithValidCredentials()[pri:1, instance:testngpack.Login@13c9d689]" name="loginWithValidCredentials" class="testngpack.Login"/>
      </group> <!-- g2 -->
    </groups>
    <test started-at="2024-05-22T09:24:03 IST" name="Test" finished-at="2024-05-22T09:24:15 IST" duration-ms="11834">
      <class name="testngpack.Login">
        <test-method is-config="true" signature="beforeSuiteMethod()[pri:0, instance:testngpack.Login@13c9d689]" started-at="2024-05-22T09:24:03 IST" name="beforeSuiteMethod" finished-at="2024-05-22T09:24:03 IST" duration-ms="43" status="PASS">
          <reporter-output>
          </reporter-output>
        </test-method> <!-- beforeSuiteMethod -->
        <test-method is-config="true" signature="setup()[pri:0, instance:testngpack.Login@13c9d689]" started-at="2024-05-22T09:24:03 IST" name="setup" finished-at="2024-05-22T09:24:12 IST" duration-ms="9363" status="PASS">
          <reporter-output>
          </reporter-output>
        </test-method> <!-- setup -->
        <test-method signature="loginWithValidCredentials()[pri:1, instance:testngpack.Login@13c9d689]" started-at="2024-05-22T09:24:12 IST" name="loginWithValidCredentials" finished-at="2024-05-22T09:24:14 IST" duration-ms="1699" status="PASS">
          <reporter-output>
          </reporter-output>
        </test-method> <!-- loginWithValidCredentials -->
        <test-method is-config="true" signature="tearDown()[pri:0, instance:testngpack.Login@13c9d689]" started-at="2024-05-22T09:24:14 IST" name="tearDown" finished-at="2024-05-22T09:24:15 IST" duration-ms="602" status="PASS">
          <reporter-output>
          </reporter-output>
        </test-method> <!-- tearDown -->
        <test-method is-config="true" signature="afterSuiteMethod()[pri:0, instance:testngpack.Login@13c9d689]" started-at="2024-05-22T09:24:15 IST" name="afterSuiteMethod" finished-at="2024-05-22T09:24:15 IST" duration-ms="2" status="PASS">
          <reporter-output>
          </reporter-output>
        </test-method> <!-- afterSuiteMethod -->
      </class> <!-- testngpack.Login -->
    </test> <!-- Test -->
  </suite> <!-- Suite -->
</testng-results>
