<?xml version="1.0" encoding="UTF-8"?>
<testng-results ignored="0" total="3" passed="3" failed="0" skipped="0">
  <reporter-output>
  </reporter-output>
  <suite started-at="2024-05-27T08:31:07 IST" name="Suite" finished-at="2024-05-27T08:32:08 IST" duration-ms="61173">
    <groups>
    </groups>
    <test started-at="2024-05-27T08:31:07 IST" name="Test" finished-at="2024-05-27T08:32:08 IST" duration-ms="61173">
      <class name="tests.Login">
        <test-method is-config="true" signature="setup()[pri:0, instance:tests.Login@293a5bf6]" started-at="2024-05-27T08:31:07 IST" name="setup" finished-at="2024-05-27T08:31:25 IST" duration-ms="18036" status="PASS">
          <reporter-output>
          </reporter-output>
        </test-method> <!-- setup -->
        <test-method signature="loginWithValidCredentials()[pri:1, instance:tests.Login@293a5bf6]" started-at="2024-05-27T08:31:25 IST" name="loginWithValidCredentials" finished-at="2024-05-27T08:31:28 IST" duration-ms="3073" status="PASS">
          <reporter-output>
          </reporter-output>
        </test-method> <!-- loginWithValidCredentials -->
        <test-method is-config="true" signature="tearDown()[pri:0, instance:tests.Login@293a5bf6]" started-at="2024-05-27T08:31:28 IST" name="tearDown" finished-at="2024-05-27T08:31:32 IST" duration-ms="3794" status="PASS">
          <reporter-output>
          </reporter-output>
        </test-method> <!-- tearDown -->
        <test-method is-config="true" signature="setup()[pri:0, instance:tests.Login@293a5bf6]" started-at="2024-05-27T08:31:32 IST" name="setup" finished-at="2024-05-27T08:31:43 IST" duration-ms="11384" status="PASS">
          <reporter-output>
          </reporter-output>
        </test-method> <!-- setup -->
        <test-method signature="loginWithInvalidCredentials()[pri:2, instance:tests.Login@293a5bf6]" started-at="2024-05-27T08:31:43 IST" name="loginWithInvalidCredentials" finished-at="2024-05-27T08:31:46 IST" duration-ms="2282" status="PASS">
          <reporter-output>
          </reporter-output>
        </test-method> <!-- loginWithInvalidCredentials -->
        <test-method is-config="true" signature="tearDown()[pri:0, instance:tests.Login@293a5bf6]" started-at="2024-05-27T08:31:46 IST" name="tearDown" finished-at="2024-05-27T08:31:47 IST" duration-ms="1714" status="PASS">
          <reporter-output>
          </reporter-output>
        </test-method> <!-- tearDown -->
      </class> <!-- tests.Login -->
      <class name="tests.Register">
        <test-method is-config="true" signature="setup()[pri:0, instance:tests.Register@5e0e82ae]" started-at="2024-05-27T08:31:47 IST" name="setup" finished-at="2024-05-27T08:32:01 IST" duration-ms="13503" status="PASS">
          <reporter-output>
          </reporter-output>
        </test-method> <!-- setup -->
        <test-method signature="registerWithAllFields()[pri:1, instance:tests.Register@5e0e82ae]" started-at="2024-05-27T08:32:01 IST" name="registerWithAllFields" finished-at="2024-05-27T08:32:06 IST" duration-ms="5129" status="PASS">
          <reporter-output>
          </reporter-output>
        </test-method> <!-- registerWithAllFields -->
        <test-method is-config="true" signature="tearDown()[pri:0, instance:tests.Register@5e0e82ae]" started-at="2024-05-27T08:32:06 IST" name="tearDown" finished-at="2024-05-27T08:32:08 IST" duration-ms="1945" status="PASS">
          <reporter-output>
          </reporter-output>
        </test-method> <!-- tearDown -->
      </class> <!-- tests.Register -->
    </test> <!-- Test -->
  </suite> <!-- Suite -->
</testng-results>
