<?xml version="1.0" encoding="UTF-8"?>
<testng-results ignored="0" total="1" passed="1" failed="0" skipped="0">
  <reporter-output>
  </reporter-output>
  <suite started-at="2024-05-26T19:57:36 IST" name="Default suite" finished-at="2024-05-26T19:57:56 IST" duration-ms="20719">
    <groups>
    </groups>
    <test started-at="2024-05-26T19:57:36 IST" name="Default test" finished-at="2024-05-26T19:57:56 IST" duration-ms="20719">
      <class name="tests.Login">
        <test-method is-config="true" signature="setup()[pri:0, instance:tests.Login@6cf0e0ba]" started-at="2024-05-26T19:57:36 IST" name="setup" finished-at="2024-05-26T19:57:53 IST" duration-ms="16734" status="PASS">
          <reporter-output>
          </reporter-output>
        </test-method> <!-- setup -->
        <test-method signature="loginWithValidCredentials()[pri:0, instance:tests.Login@6cf0e0ba]" started-at="2024-05-26T19:57:53 IST" name="loginWithValidCredentials" finished-at="2024-05-26T19:57:55 IST" duration-ms="2690" status="PASS">
          <reporter-output>
          </reporter-output>
        </test-method> <!-- loginWithValidCredentials -->
        <test-method is-config="true" signature="tearDown()[pri:0, instance:tests.Login@6cf0e0ba]" started-at="2024-05-26T19:57:55 IST" name="tearDown" finished-at="2024-05-26T19:57:56 IST" duration-ms="999" status="PASS">
          <reporter-output>
          </reporter-output>
        </test-method> <!-- tearDown -->
      </class> <!-- tests.Login -->
    </test> <!-- Default test -->
  </suite> <!-- Default suite -->
</testng-results>
