<?xml version="1.0" encoding="UTF-8"?>
<!-- Generated by org.testng.reporters.JUnitXMLReporter -->
<testsuite ignored="0" hostname="ArunMotoori" failures="0" tests="7" name="Test" time="96.421" errors="0" timestamp="2024-05-26T18:28:48 IST">
  <testcase classname="tests.Login" name="loginWithValidCredentials" time="3.013"/>
  <testcase classname="tests.Register" name="registerWithAllFields" time="6.109"/>
  <testcase classname="tests.Login" name="loginWithInvalidCredentials" time="2.741"/>
  <testcase classname="tests.Register" name="registerWithMandatoryFields" time="5.994"/>
  <testcase classname="tests.Login" name="loginWithInvalidEmailAndValidPassword" time="2.447"/>
  <testcase classname="tests.Login" name="loginWithValidEmailAndInvalidPassword" time="2.537"/>
  <testcase classname="tests.Login" name="loginWithoutEnteringAnyCredentials" time="1.39"/>
</testsuite> <!-- Test -->
