<?xml version="1.0" encoding="UTF-8"?>
<!-- Generated by org.testng.reporters.JUnitXMLReporter -->
<testsuite ignored="0" hostname="ArunMotoori" failures="0" tests="3" name="Default test" time="29.361" errors="0" timestamp="2024-06-04T08:48:00 IST">
  <testcase classname="tests.Search" name="searchForAValidProduct" time="1.659"/>
  <testcase classname="tests.Search" name="searchWithAnInvalidProduct" time="1.889"/>
  <testcase classname="tests.Search" name="searchWithoutAnyProduct" time="0.991"/>
</testsuite> <!-- Default test -->
