<?xml version="1.0" encoding="UTF-8"?>
<!-- Generated by org.testng.reporters.JUnitXMLReporter -->
<testsuite ignored="0" hostname="ArunMotoori" failures="0" tests="6" name="TestOne" time="0.354" errors="0" timestamp="2024-05-22T08:47:44 IST">
  <testcase classname="testngpack2.BeforeAfterClassAnnotationsDemo" name="testMethodOne" time="0.027"/>
  <testcase classname="testngpack2.BeforeAfterClassAnnotationsDemo" name="testMethodTwo" time="0.014"/>
  <testcase classname="testngpack2.BeforeAfterClassAnnotationsDemo" name="testMethodThree" time="0.004"/>
  <testcase classname="testngpack2.BeforeAfterMethodAnnotationsDemo" name="testMethodOne" time="0.003"/>
  <testcase classname="testngpack2.BeforeAfterMethodAnnotationsDemo" name="testMethodTwo" time="0.003"/>
  <testcase classname="testngpack2.BeforeAfterMethodAnnotationsDemo" name="testMethodThree" time="0.003"/>
</testsuite> <!-- TestOne -->
