<?xml version="1.0" encoding="UTF-8"?>
<!-- Generated by org.testng.reporters.JUnitXMLReporter -->
<testsuite ignored="0" hostname="ArunMotoori" failures="0" tests="5" name="TestTwo" time="0.091" errors="0" timestamp="2024-05-22T08:44:36 IST">
  <testcase classname="testngpack.Login" name="loginWithValidCredentials" time="0.005"/>
  <testcase classname="testngpack.Login" name="loginWithValidEmailAndInvalidPassword" time="0.006"/>
  <testcase classname="testngpack.Login" name="loginWithInvalidEmailAndValidPassword" time="0.01"/>
  <testcase classname="testngpack.Login" name="loginWithInvalidCredentials" time="0.003"/>
  <testcase classname="testngpack.Login" name="loginWithoutEnteringAnyCredentials" time="0.004"/>
</testsuite> <!-- TestTwo -->
