<?xml version="1.0" encoding="UTF-8"?>
<!-- Generated by org.testng.reporters.JUnitXMLReporter -->
<testsuite ignored="0" hostname="ArunMotoori" failures="0" tests="3" name="TestThree" time="0.076" errors="0" timestamp="2024-05-22T08:44:36 IST">
  <testcase classname="testngpack2.BeforeAfterClassAnnotationsDemo" name="testMethodOne" time="0.012"/>
  <testcase classname="testngpack2.BeforeAfterClassAnnotationsDemo" name="testMethodTwo" time="0.006"/>
  <testcase classname="testngpack2.BeforeAfterClassAnnotationsDemo" name="testMethodThree" time="0.003"/>
</testsuite> <!-- TestThree -->
