<?xml version="1.0" encoding="UTF-8"?>
<!-- Generated by org.testng.reporters.JUnitXMLReporter -->
<testsuite ignored="0" hostname="ArunMotoori" failures="0" tests="3" name="TestFour" time="0.07" errors="0" timestamp="2024-05-22T08:44:36 IST">
  <testcase classname="testngpack2.BeforeAfterMethodAnnotationsDemo" name="testMethodOne" time="0.005"/>
  <testcase classname="testngpack2.BeforeAfterMethodAnnotationsDemo" name="testMethodTwo" time="0.003"/>
  <testcase classname="testngpack2.BeforeAfterMethodAnnotationsDemo" name="testMethodThree" time="0.004"/>
</testsuite> <!-- TestFour -->
