<?xml version="1.0" encoding="UTF-8"?>
<testng-results ignored="0" total="11" passed="11" failed="0" skipped="0">
  <reporter-output>
  </reporter-output>
  <suite started-at="2024-06-08T18:50:23 IST" name="Suite" finished-at="2024-06-08T18:53:16 IST" duration-ms="173141">
    <groups>
    </groups>
    <test started-at="2024-06-08T18:50:23 IST" name="Test" finished-at="2024-06-08T18:53:16 IST" duration-ms="173141">
      <class name="tests.Login">
        <test-method is-config="true" signature="setup()[pri:0, instance:tests.Login@49e53c76]" started-at="2024-06-08T18:50:23 IST" name="setup" finished-at="2024-06-08T18:50:46 IST" duration-ms="22479" status="PASS">
          <reporter-output>
          </reporter-output>
        </test-method> <!-- setup -->
        <test-method signature="loginWithValidCredentials()[pri:1, instance:tests.Login@49e53c76]" started-at="2024-06-08T18:50:46 IST" name="loginWithValidCredentials" finished-at="2024-06-08T18:50:49 IST" duration-ms="3140" status="PASS">
          <reporter-output>
          </reporter-output>
        </test-method> <!-- loginWithValidCredentials -->
        <test-method is-config="true" signature="tearDown()[pri:0, instance:tests.Login@49e53c76]" started-at="2024-06-08T18:50:49 IST" name="tearDown" finished-at="2024-06-08T18:50:50 IST" duration-ms="1057" status="PASS">
          <reporter-output>
          </reporter-output>
        </test-method> <!-- tearDown -->
        <test-method is-config="true" signature="setup()[pri:0, instance:tests.Login@49e53c76]" started-at="2024-06-08T18:50:50 IST" name="setup" finished-at="2024-06-08T18:51:06 IST" duration-ms="15826" status="PASS">
          <reporter-output>
          </reporter-output>
        </test-method> <!-- setup -->
        <test-method signature="loginWithInvalidCredentials()[pri:2, instance:tests.Login@49e53c76]" started-at="2024-06-08T18:51:06 IST" name="loginWithInvalidCredentials" finished-at="2024-06-08T18:51:10 IST" duration-ms="4031" status="PASS">
          <reporter-output>
          </reporter-output>
        </test-method> <!-- loginWithInvalidCredentials -->
        <test-method is-config="true" signature="tearDown()[pri:0, instance:tests.Login@49e53c76]" started-at="2024-06-08T18:51:10 IST" name="tearDown" finished-at="2024-06-08T18:51:11 IST" duration-ms="1269" status="PASS">
          <reporter-output>
          </reporter-output>
        </test-method> <!-- tearDown -->
        <test-method is-config="true" signature="setup()[pri:0, instance:tests.Login@49e53c76]" started-at="2024-06-08T18:51:11 IST" name="setup" finished-at="2024-06-08T18:51:21 IST" duration-ms="10179" status="PASS">
          <reporter-output>
          </reporter-output>
        </test-method> <!-- setup -->
        <test-method signature="loginWithValidEmailAndInvalidPassword()[pri:3, instance:tests.Login@49e53c76]" started-at="2024-06-08T18:51:21 IST" name="loginWithValidEmailAndInvalidPassword" finished-at="2024-06-08T18:51:24 IST" duration-ms="3027" status="PASS">
          <reporter-output>
          </reporter-output>
        </test-method> <!-- loginWithValidEmailAndInvalidPassword -->
        <test-method is-config="true" signature="tearDown()[pri:0, instance:tests.Login@49e53c76]" started-at="2024-06-08T18:51:24 IST" name="tearDown" finished-at="2024-06-08T18:51:25 IST" duration-ms="678" status="PASS">
          <reporter-output>
          </reporter-output>
        </test-method> <!-- tearDown -->
        <test-method is-config="true" signature="setup()[pri:0, instance:tests.Login@49e53c76]" started-at="2024-06-08T18:51:25 IST" name="setup" finished-at="2024-06-08T18:51:36 IST" duration-ms="11260" status="PASS">
          <reporter-output>
          </reporter-output>
        </test-method> <!-- setup -->
        <test-method signature="loginWithInvalidEmailAndValidPassword()[pri:4, instance:tests.Login@49e53c76]" started-at="2024-06-08T18:51:36 IST" name="loginWithInvalidEmailAndValidPassword" finished-at="2024-06-08T18:51:40 IST" duration-ms="3247" status="PASS">
          <reporter-output>
          </reporter-output>
        </test-method> <!-- loginWithInvalidEmailAndValidPassword -->
        <test-method is-config="true" signature="tearDown()[pri:0, instance:tests.Login@49e53c76]" started-at="2024-06-08T18:51:40 IST" name="tearDown" finished-at="2024-06-08T18:51:40 IST" duration-ms="777" status="PASS">
          <reporter-output>
          </reporter-output>
        </test-method> <!-- tearDown -->
        <test-method is-config="true" signature="setup()[pri:0, instance:tests.Login@49e53c76]" started-at="2024-06-08T18:51:40 IST" name="setup" finished-at="2024-06-08T18:51:49 IST" duration-ms="9056" status="PASS">
          <reporter-output>
          </reporter-output>
        </test-method> <!-- setup -->
        <test-method signature="loginWithoutEnteringAnyCredentials()[pri:5, instance:tests.Login@49e53c76]" started-at="2024-06-08T18:51:49 IST" name="loginWithoutEnteringAnyCredentials" finished-at="2024-06-08T18:51:51 IST" duration-ms="1609" status="PASS">
          <reporter-output>
          </reporter-output>
        </test-method> <!-- loginWithoutEnteringAnyCredentials -->
        <test-method is-config="true" signature="tearDown()[pri:0, instance:tests.Login@49e53c76]" started-at="2024-06-08T18:51:51 IST" name="tearDown" finished-at="2024-06-08T18:51:52 IST" duration-ms="582" status="PASS">
          <reporter-output>
          </reporter-output>
        </test-method> <!-- tearDown -->
      </class> <!-- tests.Login -->
      <class name="tests.Search">
        <test-method is-config="true" signature="setup()[pri:0, instance:tests.Search@62379589]" started-at="2024-06-08T18:52:37 IST" name="setup" finished-at="2024-06-08T18:52:46 IST" duration-ms="8761" status="PASS">
          <reporter-output>
          </reporter-output>
        </test-method> <!-- setup -->
        <test-method signature="searchForAValidProduct()[pri:1, instance:tests.Search@62379589]" started-at="2024-06-08T18:52:46 IST" name="searchForAValidProduct" finished-at="2024-06-08T18:52:48 IST" duration-ms="2324" status="PASS">
          <reporter-output>
          </reporter-output>
        </test-method> <!-- searchForAValidProduct -->
        <test-method is-config="true" signature="tearDown()[pri:0, instance:tests.Search@62379589]" started-at="2024-06-08T18:52:48 IST" name="tearDown" finished-at="2024-06-08T18:52:49 IST" duration-ms="801" status="PASS">
          <reporter-output>
          </reporter-output>
        </test-method> <!-- tearDown -->
        <test-method is-config="true" signature="setup()[pri:0, instance:tests.Search@62379589]" started-at="2024-06-08T18:52:49 IST" name="setup" finished-at="2024-06-08T18:52:59 IST" duration-ms="10263" status="PASS">
          <reporter-output>
          </reporter-output>
        </test-method> <!-- setup -->
        <test-method signature="searchWithAnInvalidProduct()[pri:2, instance:tests.Search@62379589]" started-at="2024-06-08T18:52:59 IST" name="searchWithAnInvalidProduct" finished-at="2024-06-08T18:53:02 IST" duration-ms="2357" status="PASS">
          <reporter-output>
          </reporter-output>
        </test-method> <!-- searchWithAnInvalidProduct -->
        <test-method is-config="true" signature="tearDown()[pri:0, instance:tests.Search@62379589]" started-at="2024-06-08T18:53:02 IST" name="tearDown" finished-at="2024-06-08T18:53:03 IST" duration-ms="1048" status="PASS">
          <reporter-output>
          </reporter-output>
        </test-method> <!-- tearDown -->
        <test-method is-config="true" signature="setup()[pri:0, instance:tests.Search@62379589]" started-at="2024-06-08T18:53:03 IST" name="setup" finished-at="2024-06-08T18:53:13 IST" duration-ms="10656" status="PASS">
          <reporter-output>
          </reporter-output>
        </test-method> <!-- setup -->
        <test-method signature="searchWithoutAnyProduct()[pri:3, instance:tests.Search@62379589]" started-at="2024-06-08T18:53:13 IST" name="searchWithoutAnyProduct" finished-at="2024-06-08T18:53:15 IST" duration-ms="1289" status="PASS">
          <reporter-output>
          </reporter-output>
        </test-method> <!-- searchWithoutAnyProduct -->
        <test-method is-config="true" signature="tearDown()[pri:0, instance:tests.Search@62379589]" started-at="2024-06-08T18:53:15 IST" name="tearDown" finished-at="2024-06-08T18:53:16 IST" duration-ms="1159" status="PASS">
          <reporter-output>
          </reporter-output>
        </test-method> <!-- tearDown -->
      </class> <!-- tests.Search -->
      <class name="tests.Register">
        <test-method is-config="true" signature="setup()[pri:0, instance:tests.Register@3754a4bf]" started-at="2024-06-08T18:51:52 IST" name="setup" finished-at="2024-06-08T18:52:02 IST" duration-ms="10490" status="PASS">
          <reporter-output>
          </reporter-output>
        </test-method> <!-- setup -->
        <test-method signature="registerWithAllFields()[pri:1, instance:tests.Register@3754a4bf]" started-at="2024-06-08T18:52:02 IST" name="registerWithAllFields" finished-at="2024-06-08T18:52:07 IST" duration-ms="5242" status="PASS">
          <reporter-output>
          </reporter-output>
        </test-method> <!-- registerWithAllFields -->
        <test-method is-config="true" signature="tearDown()[pri:0, instance:tests.Register@3754a4bf]" started-at="2024-06-08T18:52:07 IST" name="tearDown" finished-at="2024-06-08T18:52:08 IST" duration-ms="975" status="PASS">
          <reporter-output>
          </reporter-output>
        </test-method> <!-- tearDown -->
        <test-method is-config="true" signature="setup()[pri:0, instance:tests.Register@3754a4bf]" started-at="2024-06-08T18:52:08 IST" name="setup" finished-at="2024-06-08T18:52:19 IST" duration-ms="10341" status="PASS">
          <reporter-output>
          </reporter-output>
        </test-method> <!-- setup -->
        <test-method signature="registerWithMandatoryFields()[pri:2, instance:tests.Register@3754a4bf]" started-at="2024-06-08T18:52:19 IST" name="registerWithMandatoryFields" finished-at="2024-06-08T18:52:24 IST" duration-ms="5023" status="PASS">
          <reporter-output>
          </reporter-output>
        </test-method> <!-- registerWithMandatoryFields -->
        <test-method is-config="true" signature="tearDown()[pri:0, instance:tests.Register@3754a4bf]" started-at="2024-06-08T18:52:24 IST" name="tearDown" finished-at="2024-06-08T18:52:25 IST" duration-ms="970" status="PASS">
          <reporter-output>
          </reporter-output>
        </test-method> <!-- tearDown -->
        <test-method is-config="true" signature="setup()[pri:0, instance:tests.Register@3754a4bf]" started-at="2024-06-08T18:52:25 IST" name="setup" finished-at="2024-06-08T18:52:35 IST" duration-ms="10315" status="PASS">
          <reporter-output>
          </reporter-output>
        </test-method> <!-- setup -->
        <test-method signature="registerWithoutEnteringAnyDetails()[pri:3, instance:tests.Register@3754a4bf]" started-at="2024-06-08T18:52:35 IST" name="registerWithoutEnteringAnyDetails" finished-at="2024-06-08T18:52:37 IST" duration-ms="1793" status="PASS">
          <reporter-output>
          </reporter-output>
        </test-method> <!-- registerWithoutEnteringAnyDetails -->
        <test-method is-config="true" signature="tearDown()[pri:0, instance:tests.Register@3754a4bf]" started-at="2024-06-08T18:52:37 IST" name="tearDown" finished-at="2024-06-08T18:52:37 IST" duration-ms="445" status="PASS">
          <reporter-output>
          </reporter-output>
        </test-method> <!-- tearDown -->
      </class> <!-- tests.Register -->
    </test> <!-- Test -->
  </suite> <!-- Suite -->
</testng-results>
