<?xml version="1.0" encoding="UTF-8"?>
<testng-results ignored="0" total="7" passed="7" failed="0" skipped="0">
  <reporter-output>
  </reporter-output>
  <suite started-at="2024-05-26T18:27:12 IST" name="Suite" finished-at="2024-05-26T18:28:48 IST" duration-ms="96421">
    <groups>
    </groups>
    <test started-at="2024-05-26T18:27:12 IST" name="Test" finished-at="2024-05-26T18:28:48 IST" duration-ms="96421">
      <class name="tests.Login">
        <test-method is-config="true" signature="setup()[pri:0, instance:tests.Login@f6efaab]" started-at="2024-05-26T18:27:12 IST" name="setup" finished-at="2024-05-26T18:27:27 IST" duration-ms="15240" status="PASS">
          <reporter-output>
          </reporter-output>
        </test-method> <!-- setup -->
        <test-method signature="loginWithValidCredentials()[pri:1, instance:tests.Login@f6efaab]" started-at="2024-05-26T18:27:27 IST" name="loginWithValidCredentials" finished-at="2024-05-26T18:27:30 IST" duration-ms="3013" status="PASS">
          <reporter-output>
          </reporter-output>
        </test-method> <!-- loginWithValidCredentials -->
        <test-method is-config="true" signature="tearDown()[pri:0, instance:tests.Login@f6efaab]" started-at="2024-05-26T18:27:30 IST" name="tearDown" finished-at="2024-05-26T18:27:32 IST" duration-ms="1533" status="PASS">
          <reporter-output>
          </reporter-output>
        </test-method> <!-- tearDown -->
        <test-method is-config="true" signature="setup()[pri:0, instance:tests.Login@f6efaab]" started-at="2024-05-26T18:27:48 IST" name="setup" finished-at="2024-05-26T18:27:57 IST" duration-ms="8790" status="PASS">
          <reporter-output>
          </reporter-output>
        </test-method> <!-- setup -->
        <test-method signature="loginWithInvalidCredentials()[pri:2, instance:tests.Login@f6efaab]" started-at="2024-05-26T18:27:57 IST" name="loginWithInvalidCredentials" finished-at="2024-05-26T18:27:59 IST" duration-ms="2741" status="PASS">
          <reporter-output>
          </reporter-output>
        </test-method> <!-- loginWithInvalidCredentials -->
        <test-method is-config="true" signature="tearDown()[pri:0, instance:tests.Login@f6efaab]" started-at="2024-05-26T18:27:59 IST" name="tearDown" finished-at="2024-05-26T18:28:00 IST" duration-ms="807" status="PASS">
          <reporter-output>
          </reporter-output>
        </test-method> <!-- tearDown -->
        <test-method is-config="true" signature="setup()[pri:0, instance:tests.Login@f6efaab]" started-at="2024-05-26T18:28:16 IST" name="setup" finished-at="2024-05-26T18:28:24 IST" duration-ms="8061" status="PASS">
          <reporter-output>
          </reporter-output>
        </test-method> <!-- setup -->
        <test-method signature="loginWithInvalidEmailAndValidPassword()[pri:3, instance:tests.Login@f6efaab]" started-at="2024-05-26T18:28:24 IST" name="loginWithInvalidEmailAndValidPassword" finished-at="2024-05-26T18:28:26 IST" duration-ms="2447" status="PASS">
          <reporter-output>
          </reporter-output>
        </test-method> <!-- loginWithInvalidEmailAndValidPassword -->
        <test-method is-config="true" signature="tearDown()[pri:0, instance:tests.Login@f6efaab]" started-at="2024-05-26T18:28:26 IST" name="tearDown" finished-at="2024-05-26T18:28:27 IST" duration-ms="671" status="PASS">
          <reporter-output>
          </reporter-output>
        </test-method> <!-- tearDown -->
        <test-method is-config="true" signature="setup()[pri:0, instance:tests.Login@f6efaab]" started-at="2024-05-26T18:28:27 IST" name="setup" finished-at="2024-05-26T18:28:35 IST" duration-ms="7929" status="PASS">
          <reporter-output>
          </reporter-output>
        </test-method> <!-- setup -->
        <test-method signature="loginWithValidEmailAndInvalidPassword()[pri:4, instance:tests.Login@f6efaab]" started-at="2024-05-26T18:28:35 IST" name="loginWithValidEmailAndInvalidPassword" finished-at="2024-05-26T18:28:37 IST" duration-ms="2537" status="PASS">
          <reporter-output>
          </reporter-output>
        </test-method> <!-- loginWithValidEmailAndInvalidPassword -->
        <test-method is-config="true" signature="tearDown()[pri:0, instance:tests.Login@f6efaab]" started-at="2024-05-26T18:28:37 IST" name="tearDown" finished-at="2024-05-26T18:28:38 IST" duration-ms="655" status="PASS">
          <reporter-output>
          </reporter-output>
        </test-method> <!-- tearDown -->
        <test-method is-config="true" signature="setup()[pri:0, instance:tests.Login@f6efaab]" started-at="2024-05-26T18:28:38 IST" name="setup" finished-at="2024-05-26T18:28:46 IST" duration-ms="7757" status="PASS">
          <reporter-output>
          </reporter-output>
        </test-method> <!-- setup -->
        <test-method signature="loginWithoutEnteringAnyCredentials()[pri:5, instance:tests.Login@f6efaab]" started-at="2024-05-26T18:28:46 IST" name="loginWithoutEnteringAnyCredentials" finished-at="2024-05-26T18:28:47 IST" duration-ms="1390" status="PASS">
          <reporter-output>
          </reporter-output>
        </test-method> <!-- loginWithoutEnteringAnyCredentials -->
        <test-method is-config="true" signature="tearDown()[pri:0, instance:tests.Login@f6efaab]" started-at="2024-05-26T18:28:47 IST" name="tearDown" finished-at="2024-05-26T18:28:48 IST" duration-ms="881" status="PASS">
          <reporter-output>
          </reporter-output>
        </test-method> <!-- tearDown -->
      </class> <!-- tests.Login -->
      <class name="tests.Register">
        <test-method is-config="true" signature="setup()[pri:0, instance:tests.Register@411f53a0]" started-at="2024-05-26T18:27:32 IST" name="setup" finished-at="2024-05-26T18:27:41 IST" duration-ms="9229" status="PASS">
          <reporter-output>
          </reporter-output>
        </test-method> <!-- setup -->
        <test-method signature="registerWithAllFields()[pri:1, instance:tests.Register@411f53a0]" started-at="2024-05-26T18:27:41 IST" name="registerWithAllFields" finished-at="2024-05-26T18:27:47 IST" duration-ms="6109" status="PASS">
          <reporter-output>
          </reporter-output>
        </test-method> <!-- registerWithAllFields -->
        <test-method is-config="true" signature="tearDown()[pri:0, instance:tests.Register@411f53a0]" started-at="2024-05-26T18:27:47 IST" name="tearDown" finished-at="2024-05-26T18:27:48 IST" duration-ms="820" status="PASS">
          <reporter-output>
          </reporter-output>
        </test-method> <!-- tearDown -->
        <test-method is-config="true" signature="setup()[pri:0, instance:tests.Register@411f53a0]" started-at="2024-05-26T18:28:00 IST" name="setup" finished-at="2024-05-26T18:28:09 IST" duration-ms="8816" status="PASS">
          <reporter-output>
          </reporter-output>
        </test-method> <!-- setup -->
        <test-method signature="registerWithMandatoryFields()[pri:2, instance:tests.Register@411f53a0]" started-at="2024-05-26T18:28:09 IST" name="registerWithMandatoryFields" finished-at="2024-05-26T18:28:15 IST" duration-ms="5994" status="PASS">
          <reporter-output>
          </reporter-output>
        </test-method> <!-- registerWithMandatoryFields -->
        <test-method is-config="true" signature="tearDown()[pri:0, instance:tests.Register@411f53a0]" started-at="2024-05-26T18:28:15 IST" name="tearDown" finished-at="2024-05-26T18:28:16 IST" duration-ms="616" status="PASS">
          <reporter-output>
          </reporter-output>
        </test-method> <!-- tearDown -->
      </class> <!-- tests.Register -->
    </test> <!-- Test -->
  </suite> <!-- Suite -->
</testng-results>
