<?xml version="1.0" encoding="UTF-8"?>
<!-- Generated by org.testng.reporters.JUnitXMLReporter -->
<testsuite ignored="0" hostname="ArunMotoori" failures="0" tests="3" name="Default test" time="33.424" errors="0" timestamp="2024-05-25T18:26:40 IST">
  <testcase classname="tests.LoginFile" name="loginWithValidCredentials" time="2.248"/>
  <testcase classname="tests.LoginFile" name="loginWithValidCredentials" time="1.919"/>
  <testcase classname="tests.LoginFile" name="loginWithValidCredentials" time="2.239"/>
</testsuite> <!-- Default test -->
