<?xml version="1.0" encoding="UTF-8"?>
<testng-results ignored="0" total="11" passed="11" failed="0" skipped="0">
  <reporter-output>
  </reporter-output>
  <suite started-at="2024-06-08T19:49:14 IST" name="Suite" finished-at="2024-06-08T19:51:40 IST" duration-ms="145618">
    <groups>
    </groups>
    <test started-at="2024-06-08T19:49:14 IST" name="Test" finished-at="2024-06-08T19:51:40 IST" duration-ms="145618">
      <class name="tests.Login">
        <test-method is-config="true" signature="setup()[pri:0, instance:tests.Login@49e53c76]" started-at="2024-06-08T19:49:14 IST" name="setup" finished-at="2024-06-08T19:49:30 IST" duration-ms="15286" status="PASS">
          <reporter-output>
          </reporter-output>
        </test-method> <!-- setup -->
        <test-method signature="loginWithValidCredentials()[pri:1, instance:tests.Login@49e53c76]" started-at="2024-06-08T19:49:30 IST" name="loginWithValidCredentials" finished-at="2024-06-08T19:49:33 IST" duration-ms="3212" status="PASS">
          <reporter-output>
          </reporter-output>
        </test-method> <!-- loginWithValidCredentials -->
        <test-method is-config="true" signature="tearDown()[pri:0, instance:tests.Login@49e53c76]" started-at="2024-06-08T19:49:33 IST" name="tearDown" finished-at="2024-06-08T19:49:34 IST" duration-ms="649" status="PASS">
          <reporter-output>
          </reporter-output>
        </test-method> <!-- tearDown -->
        <test-method is-config="true" signature="setup()[pri:0, instance:tests.Login@49e53c76]" started-at="2024-06-08T19:49:34 IST" name="setup" finished-at="2024-06-08T19:49:42 IST" duration-ms="8565" status="PASS">
          <reporter-output>
          </reporter-output>
        </test-method> <!-- setup -->
        <test-method signature="loginWithInvalidCredentials()[pri:2, instance:tests.Login@49e53c76]" started-at="2024-06-08T19:49:42 IST" name="loginWithInvalidCredentials" finished-at="2024-06-08T19:49:45 IST" duration-ms="2653" status="PASS">
          <reporter-output>
          </reporter-output>
        </test-method> <!-- loginWithInvalidCredentials -->
        <test-method is-config="true" signature="tearDown()[pri:0, instance:tests.Login@49e53c76]" started-at="2024-06-08T19:49:45 IST" name="tearDown" finished-at="2024-06-08T19:49:45 IST" duration-ms="581" status="PASS">
          <reporter-output>
          </reporter-output>
        </test-method> <!-- tearDown -->
        <test-method is-config="true" signature="setup()[pri:0, instance:tests.Login@49e53c76]" started-at="2024-06-08T19:49:45 IST" name="setup" finished-at="2024-06-08T19:49:54 IST" duration-ms="8783" status="PASS">
          <reporter-output>
          </reporter-output>
        </test-method> <!-- setup -->
        <test-method signature="loginWithValidEmailAndInvalidPassword()[pri:3, instance:tests.Login@49e53c76]" started-at="2024-06-08T19:49:54 IST" name="loginWithValidEmailAndInvalidPassword" finished-at="2024-06-08T19:49:57 IST" duration-ms="2316" status="PASS">
          <reporter-output>
          </reporter-output>
        </test-method> <!-- loginWithValidEmailAndInvalidPassword -->
        <test-method is-config="true" signature="tearDown()[pri:0, instance:tests.Login@49e53c76]" started-at="2024-06-08T19:49:57 IST" name="tearDown" finished-at="2024-06-08T19:49:57 IST" duration-ms="472" status="PASS">
          <reporter-output>
          </reporter-output>
        </test-method> <!-- tearDown -->
        <test-method is-config="true" signature="setup()[pri:0, instance:tests.Login@49e53c76]" started-at="2024-06-08T19:49:57 IST" name="setup" finished-at="2024-06-08T19:50:06 IST" duration-ms="9310" status="PASS">
          <reporter-output>
          </reporter-output>
        </test-method> <!-- setup -->
        <test-method signature="loginWithInvalidEmailAndValidPassword()[pri:4, instance:tests.Login@49e53c76]" started-at="2024-06-08T19:50:06 IST" name="loginWithInvalidEmailAndValidPassword" finished-at="2024-06-08T19:50:10 IST" duration-ms="3580" status="PASS">
          <reporter-output>
          </reporter-output>
        </test-method> <!-- loginWithInvalidEmailAndValidPassword -->
        <test-method is-config="true" signature="tearDown()[pri:0, instance:tests.Login@49e53c76]" started-at="2024-06-08T19:50:10 IST" name="tearDown" finished-at="2024-06-08T19:50:11 IST" duration-ms="663" status="PASS">
          <reporter-output>
          </reporter-output>
        </test-method> <!-- tearDown -->
        <test-method is-config="true" signature="setup()[pri:0, instance:tests.Login@49e53c76]" started-at="2024-06-08T19:50:11 IST" name="setup" finished-at="2024-06-08T19:50:20 IST" duration-ms="9206" status="PASS">
          <reporter-output>
          </reporter-output>
        </test-method> <!-- setup -->
        <test-method signature="loginWithoutEnteringAnyCredentials()[pri:5, instance:tests.Login@49e53c76]" started-at="2024-06-08T19:50:20 IST" name="loginWithoutEnteringAnyCredentials" finished-at="2024-06-08T19:50:21 IST" duration-ms="1172" status="PASS">
          <reporter-output>
          </reporter-output>
        </test-method> <!-- loginWithoutEnteringAnyCredentials -->
        <test-method is-config="true" signature="tearDown()[pri:0, instance:tests.Login@49e53c76]" started-at="2024-06-08T19:50:21 IST" name="tearDown" finished-at="2024-06-08T19:50:22 IST" duration-ms="1237" status="PASS">
          <reporter-output>
          </reporter-output>
        </test-method> <!-- tearDown -->
      </class> <!-- tests.Login -->
      <class name="tests.Search">
        <test-method is-config="true" signature="setup()[pri:0, instance:tests.Search@62379589]" started-at="2024-06-08T19:51:11 IST" name="setup" finished-at="2024-06-08T19:51:18 IST" duration-ms="7131" status="PASS">
          <reporter-output>
          </reporter-output>
        </test-method> <!-- setup -->
        <test-method signature="searchForAValidProduct()[pri:1, instance:tests.Search@62379589]" started-at="2024-06-08T19:51:18 IST" name="searchForAValidProduct" finished-at="2024-06-08T19:51:20 IST" duration-ms="2013" status="PASS">
          <reporter-output>
          </reporter-output>
        </test-method> <!-- searchForAValidProduct -->
        <test-method is-config="true" signature="tearDown()[pri:0, instance:tests.Search@62379589]" started-at="2024-06-08T19:51:20 IST" name="tearDown" finished-at="2024-06-08T19:51:21 IST" duration-ms="668" status="PASS">
          <reporter-output>
          </reporter-output>
        </test-method> <!-- tearDown -->
        <test-method is-config="true" signature="setup()[pri:0, instance:tests.Search@62379589]" started-at="2024-06-08T19:51:21 IST" name="setup" finished-at="2024-06-08T19:51:28 IST" duration-ms="7264" status="PASS">
          <reporter-output>
          </reporter-output>
        </test-method> <!-- setup -->
        <test-method signature="searchWithAnInvalidProduct()[pri:2, instance:tests.Search@62379589]" started-at="2024-06-08T19:51:28 IST" name="searchWithAnInvalidProduct" finished-at="2024-06-08T19:51:30 IST" duration-ms="2081" status="PASS">
          <reporter-output>
          </reporter-output>
        </test-method> <!-- searchWithAnInvalidProduct -->
        <test-method is-config="true" signature="tearDown()[pri:0, instance:tests.Search@62379589]" started-at="2024-06-08T19:51:30 IST" name="tearDown" finished-at="2024-06-08T19:51:31 IST" duration-ms="760" status="PASS">
          <reporter-output>
          </reporter-output>
        </test-method> <!-- tearDown -->
        <test-method is-config="true" signature="setup()[pri:0, instance:tests.Search@62379589]" started-at="2024-06-08T19:51:31 IST" name="setup" finished-at="2024-06-08T19:51:38 IST" duration-ms="7286" status="PASS">
          <reporter-output>
          </reporter-output>
        </test-method> <!-- setup -->
        <test-method signature="searchWithoutAnyProduct()[pri:3, instance:tests.Search@62379589]" started-at="2024-06-08T19:51:38 IST" name="searchWithoutAnyProduct" finished-at="2024-06-08T19:51:39 IST" duration-ms="940" status="PASS">
          <reporter-output>
          </reporter-output>
        </test-method> <!-- searchWithoutAnyProduct -->
        <test-method is-config="true" signature="tearDown()[pri:0, instance:tests.Search@62379589]" started-at="2024-06-08T19:51:39 IST" name="tearDown" finished-at="2024-06-08T19:51:40 IST" duration-ms="499" status="PASS">
          <reporter-output>
          </reporter-output>
        </test-method> <!-- tearDown -->
      </class> <!-- tests.Search -->
      <class name="tests.Register">
        <test-method is-config="true" signature="setup()[pri:0, instance:tests.Register@3754a4bf]" started-at="2024-06-08T19:50:22 IST" name="setup" finished-at="2024-06-08T19:50:38 IST" duration-ms="15644" status="PASS">
          <reporter-output>
          </reporter-output>
        </test-method> <!-- setup -->
        <test-method signature="registerWithAllFields()[pri:1, instance:tests.Register@3754a4bf]" started-at="2024-06-08T19:50:38 IST" name="registerWithAllFields" finished-at="2024-06-08T19:50:43 IST" duration-ms="5518" status="PASS">
          <reporter-output>
          </reporter-output>
        </test-method> <!-- registerWithAllFields -->
        <test-method is-config="true" signature="tearDown()[pri:0, instance:tests.Register@3754a4bf]" started-at="2024-06-08T19:50:43 IST" name="tearDown" finished-at="2024-06-08T19:50:44 IST" duration-ms="833" status="PASS">
          <reporter-output>
          </reporter-output>
        </test-method> <!-- tearDown -->
        <test-method is-config="true" signature="setup()[pri:0, instance:tests.Register@3754a4bf]" started-at="2024-06-08T19:50:44 IST" name="setup" finished-at="2024-06-08T19:50:54 IST" duration-ms="10074" status="PASS">
          <reporter-output>
          </reporter-output>
        </test-method> <!-- setup -->
        <test-method signature="registerWithMandatoryFields()[pri:2, instance:tests.Register@3754a4bf]" started-at="2024-06-08T19:50:54 IST" name="registerWithMandatoryFields" finished-at="2024-06-08T19:50:59 IST" duration-ms="4768" status="PASS">
          <reporter-output>
          </reporter-output>
        </test-method> <!-- registerWithMandatoryFields -->
        <test-method is-config="true" signature="tearDown()[pri:0, instance:tests.Register@3754a4bf]" started-at="2024-06-08T19:50:59 IST" name="tearDown" finished-at="2024-06-08T19:51:00 IST" duration-ms="642" status="PASS">
          <reporter-output>
          </reporter-output>
        </test-method> <!-- tearDown -->
        <test-method is-config="true" signature="setup()[pri:0, instance:tests.Register@3754a4bf]" started-at="2024-06-08T19:51:00 IST" name="setup" finished-at="2024-06-08T19:51:09 IST" duration-ms="9134" status="PASS">
          <reporter-output>
          </reporter-output>
        </test-method> <!-- setup -->
        <test-method signature="registerWithoutEnteringAnyDetails()[pri:3, instance:tests.Register@3754a4bf]" started-at="2024-06-08T19:51:09 IST" name="registerWithoutEnteringAnyDetails" finished-at="2024-06-08T19:51:10 IST" duration-ms="1629" status="PASS">
          <reporter-output>
          </reporter-output>
        </test-method> <!-- registerWithoutEnteringAnyDetails -->
        <test-method is-config="true" signature="tearDown()[pri:0, instance:tests.Register@3754a4bf]" started-at="2024-06-08T19:51:10 IST" name="tearDown" finished-at="2024-06-08T19:51:11 IST" duration-ms="590" status="PASS">
          <reporter-output>
          </reporter-output>
        </test-method> <!-- tearDown -->
      </class> <!-- tests.Register -->
    </test> <!-- Test -->
  </suite> <!-- Suite -->
</testng-results>
