<?xml version="1.0" encoding="UTF-8"?>
<!-- Generated by org.testng.reporters.JUnitXMLReporter -->
<testsuite ignored="0" hostname="ArunMotoori" failures="0" tests="11" name="Test" time="191.02" errors="0" timestamp="2024-06-08T21:44:02 IST">
  <testcase classname="tests.Login" name="loginWithValidCredentials" time="3.553"/>
  <testcase classname="tests.Login" name="loginWithInvalidCredentials" time="2.224"/>
  <testcase classname="tests.Login" name="loginWithValidEmailAndInvalidPassword" time="2.089"/>
  <testcase classname="tests.Login" name="loginWithInvalidEmailAndValidPassword" time="2.512"/>
  <testcase classname="tests.Login" name="loginWithoutEnteringAnyCredentials" time="1.637"/>
  <testcase classname="tests.Register" name="registerWithAllFields" time="4.413"/>
  <testcase classname="tests.Register" name="registerWithMandatoryFields" time="3.956"/>
  <testcase classname="tests.Register" name="registerWithoutEnteringAnyDetails" time="2.749"/>
  <testcase classname="tests.Search" name="searchForAValidProduct" time="1.311"/>
  <testcase classname="tests.Search" name="searchWithAnInvalidProduct" time="1.309"/>
  <testcase classname="tests.Search" name="searchWithoutAnyProduct" time="2.168"/>
</testsuite> <!-- Test -->
