<?xml version="1.0" encoding="UTF-8"?>
<!-- Generated by org.testng.reporters.JUnitXMLReporter -->
<testsuite ignored="0" hostname="ArunMotoori" failures="0" tests="3" name="Test" time="61.173" errors="0" timestamp="2024-05-27T08:32:08 IST">
  <testcase classname="tests.Login" name="loginWithValidCredentials" time="3.073"/>
  <testcase classname="tests.Login" name="loginWithInvalidCredentials" time="2.282"/>
  <testcase classname="tests.Register" name="registerWithAllFields" time="5.129"/>
</testsuite> <!-- Test -->
