<?xml version="1.0" encoding="UTF-8"?>
<!-- Generated by org.testng.reporters.JUnitXMLReporter -->
<testsuite ignored="0" hostname="ArunMotoori" failures="1" tests="8" name="Test" time="75.13" errors="0" timestamp="2024-05-25T19:17:22 IST">
  <testcase classname="tests.Login" name="loginWithValidCredentials" time="0.044"/>
  <testcase classname="tests.Login" name="loginWithInvalidCredentials" time="0.045">
    <failure type="java.lang.AssertionError" message="expected [true] but found [false]">
      <![CDATA[java.lang.AssertionError: expected [true] but found [false]
at tests.Login.loginWithInvalidCredentials(Login.java:41)
at java.base/java.util.ArrayList.forEach(ArrayList.java:1596)
... Removed 29 stack frames]]>
    </failure>
  </testcase> <!-- loginWithInvalidCredentials -->
  <testcase classname="tests.Login" name="loginWithValidEmailAndInvalidPassword" time="0.006">
    <skipped/>
  </testcase> <!-- loginWithValidEmailAndInvalidPassword -->
  <testcase classname="tests.LoginFile" name="loginWithValidCredentials" time="2.442"/>
  <testcase classname="tests.LoginFile" name="loginWithValidCredentials" time="2.14"/>
  <testcase classname="tests.LoginFile" name="loginWithValidCredentials" time="1.832"/>
  <testcase classname="tests.Register" name="registerWithMandatoryFields" time="0.005"/>
  <testcase classname="tests.Register" name="registerWithAllFields" time="0.006"/>
</testsuite> <!-- Test -->
