<?xml version="1.0" encoding="UTF-8"?>
<!-- Generated by org.testng.reporters.JUnitXMLReporter -->
<testsuite ignored="0" hostname="ArunMotoori" failures="0" tests="11" name="Test" time="173.141" errors="0" timestamp="2024-06-08T18:53:16 IST">
  <testcase classname="tests.Login" name="loginWithValidCredentials" time="3.14"/>
  <testcase classname="tests.Login" name="loginWithInvalidCredentials" time="4.031"/>
  <testcase classname="tests.Login" name="loginWithValidEmailAndInvalidPassword" time="3.027"/>
  <testcase classname="tests.Login" name="loginWithInvalidEmailAndValidPassword" time="3.247"/>
  <testcase classname="tests.Login" name="loginWithoutEnteringAnyCredentials" time="1.609"/>
  <testcase classname="tests.Register" name="registerWithAllFields" time="5.242"/>
  <testcase classname="tests.Register" name="registerWithMandatoryFields" time="5.023"/>
  <testcase classname="tests.Register" name="registerWithoutEnteringAnyDetails" time="1.793"/>
  <testcase classname="tests.Search" name="searchForAValidProduct" time="2.324"/>
  <testcase classname="tests.Search" name="searchWithAnInvalidProduct" time="2.357"/>
  <testcase classname="tests.Search" name="searchWithoutAnyProduct" time="1.289"/>
</testsuite> <!-- Test -->
